<?xml version="1.0" encoding="UTF-8"?>
<testsuite failures="43" skipped="0" name="my suite" time="47.956999999999994" tests="43">
  <testcase classname="Main Page Modules and their functionality" name="chromium › Main Page Modules and their functionality › navigation to Payroll module" time="0.806">
    <failure type="Error" message="Error: Dashboard page tab name does not contain &quot;QUGEM&quot;&#xA;   at ../.cucumber/stepDefinitions/steps_LoginPage.js:50&#xA;&#xA;  48 |     &#xA;  49 |   } else {&#xA;> 50 |     throw new Error('Dashboard page tab name does not contain &quot;QUGEM&quot;');&#xA;     |           ^&#xA;  51 |   }&#xA;  52 | })&#xA;  53 |"><![CDATA[Error: Dashboard page tab name does not contain "QUGEM"
   at ../.cucumber/stepDefinitions/steps_LoginPage.js:50

  48 |     
  49 |   } else {
> 50 |     throw new Error('Dashboard page tab name does not contain "QUGEM"');
     |           ^
  51 |   }
  52 | })
  53 |]]></failure>
    <system-out><![CDATA[Given Navigate to Dashboard with "english" language.......................passed
Then verify that dashboard page tab name contains QUGEM...................failed
Then verify Payroll Module Button is visible and is clickable............skipped
Then click the Payroll module............................................skipped
And verify the URL of the Employee_Master_data module module should be...skipped]]></system-out>
  </testcase>
  <testcase classname="Main Page Modules and their functionality" name="chromium › Main Page Modules and their functionality › navigation to Vehicles module" time="1.021">
    <failure type="Error" message="Error: Dashboard page tab name does not contain &quot;QUGEM&quot;&#xA;   at ../.cucumber/stepDefinitions/steps_LoginPage.js:50&#xA;&#xA;  48 |     &#xA;  49 |   } else {&#xA;> 50 |     throw new Error('Dashboard page tab name does not contain &quot;QUGEM&quot;');&#xA;     |           ^&#xA;  51 |   }&#xA;  52 | })&#xA;  53 |"><![CDATA[Error: Dashboard page tab name does not contain "QUGEM"
   at ../.cucumber/stepDefinitions/steps_LoginPage.js:50

  48 |     
  49 |   } else {
> 50 |     throw new Error('Dashboard page tab name does not contain "QUGEM"');
     |           ^
  51 |   }
  52 | })
  53 |]]></failure>
    <system-out><![CDATA[Given Navigate to Dashboard with "english" language.......................passed
Then verify that dashboard page tab name contains QUGEM...................failed
Then verify Vehicles Module Button is visible and is clickable...........skipped
Then click the Vehicles module...........................................skipped
And verify the URL of the Employee_Master_data module module should be...skipped]]></system-out>
  </testcase>
  <testcase classname="Main Page Modules and their functionality" name="chromium › Main Page Modules and their functionality › navigation to Employee_Attendance module" time="1.037">
    <failure type="Error" message="Error: Dashboard page tab name does not contain &quot;QUGEM&quot;&#xA;   at ../.cucumber/stepDefinitions/steps_LoginPage.js:50&#xA;&#xA;  48 |     &#xA;  49 |   } else {&#xA;> 50 |     throw new Error('Dashboard page tab name does not contain &quot;QUGEM&quot;');&#xA;     |           ^&#xA;  51 |   }&#xA;  52 | })&#xA;  53 |"><![CDATA[Error: Dashboard page tab name does not contain "QUGEM"
   at ../.cucumber/stepDefinitions/steps_LoginPage.js:50

  48 |     
  49 |   } else {
> 50 |     throw new Error('Dashboard page tab name does not contain "QUGEM"');
     |           ^
  51 |   }
  52 | })
  53 |]]></failure>
    <system-out><![CDATA[Given Navigate to Dashboard with "english" language.......................passed
Then verify that dashboard page tab name contains QUGEM...................failed
Then verify Employee_Attendance Module Button is visible and is Clicka...skipped
Then click the Employee_Attendance module................................skipped
And verify the URL of the Employee_Master_data module module should be...skipped]]></system-out>
  </testcase>
  <testcase classname="Main Page Modules and their functionality" name="chromium › Main Page Modules and their functionality › navigation to Dashboard Module" time="1.045">
    <failure type="Error" message="Error: Dashboard page tab name does not contain &quot;QUGEM&quot;&#xA;   at ../.cucumber/stepDefinitions/steps_LoginPage.js:50&#xA;&#xA;  48 |     &#xA;  49 |   } else {&#xA;> 50 |     throw new Error('Dashboard page tab name does not contain &quot;QUGEM&quot;');&#xA;     |           ^&#xA;  51 |   }&#xA;  52 | })&#xA;  53 |"><![CDATA[Error: Dashboard page tab name does not contain "QUGEM"
   at ../.cucumber/stepDefinitions/steps_LoginPage.js:50

  48 |     
  49 |   } else {
> 50 |     throw new Error('Dashboard page tab name does not contain "QUGEM"');
     |           ^
  51 |   }
  52 | })
  53 |]]></failure>
    <system-out><![CDATA[Given Navigate to Dashboard with "english" language.......................passed
Then verify that dashboard page tab name contains QUGEM...................failed
And verify DashBoard Module Button is visible and is Clickable...........skipped
Then click the Dashboard module..........................................skipped
And verify the URL of the dashboard should be "https://qugem-staging.n...skipped
And I should see the message "Hello, welcome to the QUGEM homepage.".....skipped]]></system-out>
  </testcase>
  <testcase classname="Main Page Modules and their functionality" name="chromium › Main Page Modules and their functionality › navigation to Admin_Users module" time="0.864">
    <failure type="Error" message="Error: Dashboard page tab name does not contain &quot;QUGEM&quot;&#xA;   at ../.cucumber/stepDefinitions/steps_LoginPage.js:50&#xA;&#xA;  48 |     &#xA;  49 |   } else {&#xA;> 50 |     throw new Error('Dashboard page tab name does not contain &quot;QUGEM&quot;');&#xA;     |           ^&#xA;  51 |   }&#xA;  52 | })&#xA;  53 |"><![CDATA[Error: Dashboard page tab name does not contain "QUGEM"
   at ../.cucumber/stepDefinitions/steps_LoginPage.js:50

  48 |     
  49 |   } else {
> 50 |     throw new Error('Dashboard page tab name does not contain "QUGEM"');
     |           ^
  51 |   }
  52 | })
  53 |]]></failure>
    <system-out><![CDATA[Given Navigate to Dashboard with "english" language.......................passed
Then verify that dashboard page tab name contains QUGEM...................failed
Then verify Admin Module Button is visible and is clickable..............skipped
Then click the Admin Module..............................................skipped
Then verify Users module button is visible and clickable.................skipped
And click the Users Module...............................................skipped
And verify the URL of the Users module should be "https://qugem-stagin...skipped]]></system-out>
  </testcase>
  <testcase classname="Main Page Modules and their functionality" name="chromium › Main Page Modules and their functionality › navigation to Employee_Master_data module" time="0.889">
    <failure type="Error" message="Error: Dashboard page tab name does not contain &quot;QUGEM&quot;&#xA;   at ../.cucumber/stepDefinitions/steps_LoginPage.js:50&#xA;&#xA;  48 |     &#xA;  49 |   } else {&#xA;> 50 |     throw new Error('Dashboard page tab name does not contain &quot;QUGEM&quot;');&#xA;     |           ^&#xA;  51 |   }&#xA;  52 | })&#xA;  53 |"><![CDATA[Error: Dashboard page tab name does not contain "QUGEM"
   at ../.cucumber/stepDefinitions/steps_LoginPage.js:50

  48 |     
  49 |   } else {
> 50 |     throw new Error('Dashboard page tab name does not contain "QUGEM"');
     |           ^
  51 |   }
  52 | })
  53 |]]></failure>
    <system-out><![CDATA[Given Navigate to Dashboard with "english" language.......................passed
Then verify that dashboard page tab name contains QUGEM...................failed
Then verify Employee_Master_Data module button is visible and is Click...skipped
Then click the Employee_Master_data module...............................skipped
And verify the URL of the Employee_Master_data module should be "https...skipped]]></system-out>
  </testcase>
  <testcase classname="Main Page Modules and their functionality" name="chromium › Main Page Modules and their functionality › navigation to Admin_Options module" time="1.2309999999999999">
    <failure type="Error" message="Error: Dashboard page tab name does not contain &quot;QUGEM&quot;&#xA;   at ../.cucumber/stepDefinitions/steps_LoginPage.js:50&#xA;&#xA;  48 |     &#xA;  49 |   } else {&#xA;> 50 |     throw new Error('Dashboard page tab name does not contain &quot;QUGEM&quot;');&#xA;     |           ^&#xA;  51 |   }&#xA;  52 | })&#xA;  53 |"><![CDATA[Error: Dashboard page tab name does not contain "QUGEM"
   at ../.cucumber/stepDefinitions/steps_LoginPage.js:50

  48 |     
  49 |   } else {
> 50 |     throw new Error('Dashboard page tab name does not contain "QUGEM"');
     |           ^
  51 |   }
  52 | })
  53 |]]></failure>
    <system-out><![CDATA[Given Navigate to Dashboard with "english" language.......................passed
Then verify that dashboard page tab name contains QUGEM...................failed
And verify Admin Module Button is visible and is clickable...............skipped
Then click the Admin Module..............................................skipped
Then verify Options module button is visible and clickable...............skipped
And click the Options Module.............................................skipped
And verify the URL of the Options module should be "https://qugem-stag...skipped]]></system-out>
  </testcase>
  <testcase classname="Main Page Modules and their functionality" name="chromium › Main Page Modules and their functionality › navigation to Admin_Payout_amounts module" time="1.301">
    <failure type="Error" message="Error: Dashboard page tab name does not contain &quot;QUGEM&quot;&#xA;   at ../.cucumber/stepDefinitions/steps_LoginPage.js:50&#xA;&#xA;  48 |     &#xA;  49 |   } else {&#xA;> 50 |     throw new Error('Dashboard page tab name does not contain &quot;QUGEM&quot;');&#xA;     |           ^&#xA;  51 |   }&#xA;  52 | })&#xA;  53 |"><![CDATA[Error: Dashboard page tab name does not contain "QUGEM"
   at ../.cucumber/stepDefinitions/steps_LoginPage.js:50

  48 |     
  49 |   } else {
> 50 |     throw new Error('Dashboard page tab name does not contain "QUGEM"');
     |           ^
  51 |   }
  52 | })
  53 |]]></failure>
    <system-out><![CDATA[Given Navigate to Dashboard with "english" language.......................passed
Then verify that dashboard page tab name contains QUGEM...................failed
And verify Admin Module Button is visible and is clickable...............skipped
Then click the Admin Module..............................................skipped
Then verify Payout_amounts module button is visible and clickable........skipped
And click the Payout_amounts Module......................................skipped
And verify the URL of Payout_amounts module should be "https://qugem-s...skipped]]></system-out>
  </testcase>
  <testcase classname="Main Page Modules and their functionality" name="chromium › Main Page Modules and their functionality › navigation to Admin_Holidays module" time="1.289">
    <failure type="Error" message="Error: Dashboard page tab name does not contain &quot;QUGEM&quot;&#xA;   at ../.cucumber/stepDefinitions/steps_LoginPage.js:50&#xA;&#xA;  48 |     &#xA;  49 |   } else {&#xA;> 50 |     throw new Error('Dashboard page tab name does not contain &quot;QUGEM&quot;');&#xA;     |           ^&#xA;  51 |   }&#xA;  52 | })&#xA;  53 |"><![CDATA[Error: Dashboard page tab name does not contain "QUGEM"
   at ../.cucumber/stepDefinitions/steps_LoginPage.js:50

  48 |     
  49 |   } else {
> 50 |     throw new Error('Dashboard page tab name does not contain "QUGEM"');
     |           ^
  51 |   }
  52 | })
  53 |]]></failure>
    <system-out><![CDATA[Given Navigate to Dashboard with "english" language.......................passed
Then verify that dashboard page tab name contains QUGEM...................failed
And verify Admin Module Button is visible and is clickable...............skipped
Then click the Admin Module..............................................skipped
Then verify Holidays module button is visible and clickable..............skipped
And click the Holidays Module............................................skipped
And verify the URL of the Holidays module should be "https://qugem-sta...skipped]]></system-out>
  </testcase>
  <testcase classname="Main Page Modules and their functionality" name="chromium › Main Page Modules and their functionality › navigation to Kinesis GPS module" time="1.09">
    <failure type="Error" message="Error: Dashboard page tab name does not contain &quot;QUGEM&quot;&#xA;   at ../.cucumber/stepDefinitions/steps_LoginPage.js:50&#xA;&#xA;  48 |     &#xA;  49 |   } else {&#xA;> 50 |     throw new Error('Dashboard page tab name does not contain &quot;QUGEM&quot;');&#xA;     |           ^&#xA;  51 |   }&#xA;  52 | })&#xA;  53 |"><![CDATA[Error: Dashboard page tab name does not contain "QUGEM"
   at ../.cucumber/stepDefinitions/steps_LoginPage.js:50

  48 |     
  49 |   } else {
> 50 |     throw new Error('Dashboard page tab name does not contain "QUGEM"');
     |           ^
  51 |   }
  52 | })
  53 |]]></failure>
    <system-out><![CDATA[Given Navigate to Dashboard with "english" language.......................passed
Then verify that dashboard page tab name contains QUGEM...................failed
Then verify Kinesis GPS Module Button is visible and is clickable........skipped
Then click the Kinesis GPS Module........................................skipped
And verify new opened Tab contains "Radius Velocity".....................skipped
And verify the URL should be "https://www.velocityfleet.com/accounts/l...skipped]]></system-out>
  </testcase>
  <testcase classname="Main Page Modules and their functionality" name="chromium › Main Page Modules and their functionality › click module" time="0.9059999999999999">
    <failure type="Error" message="Error: Dashboard page tab name does not contain &quot;QUGEM&quot;&#xA;   at ../.cucumber/stepDefinitions/steps_LoginPage.js:50&#xA;&#xA;  48 |     &#xA;  49 |   } else {&#xA;> 50 |     throw new Error('Dashboard page tab name does not contain &quot;QUGEM&quot;');&#xA;     |           ^&#xA;  51 |   }&#xA;  52 | })&#xA;  53 |"><![CDATA[Error: Dashboard page tab name does not contain "QUGEM"
   at ../.cucumber/stepDefinitions/steps_LoginPage.js:50

  48 |     
  49 |   } else {
> 50 |     throw new Error('Dashboard page tab name does not contain "QUGEM"');
     |           ^
  51 |   }
  52 | })
  53 |]]></failure>
    <system-out><![CDATA[Given Navigate to Dashboard with "english" language.......................passed
Then verify that dashboard page tab name contains QUGEM...................failed
Then click module "admin_btn"............................................skipped]]></system-out>
  </testcase>
  <testcase classname="Main Page Modules and their functionality" name="chromium › Main Page Modules and their functionality › navigation to Quickly_Gmbh module" time="0.98">
    <failure type="Error" message="Error: Dashboard page tab name does not contain &quot;QUGEM&quot;&#xA;   at ../.cucumber/stepDefinitions/steps_LoginPage.js:50&#xA;&#xA;  48 |     &#xA;  49 |   } else {&#xA;> 50 |     throw new Error('Dashboard page tab name does not contain &quot;QUGEM&quot;');&#xA;     |           ^&#xA;  51 |   }&#xA;  52 | })&#xA;  53 |"><![CDATA[Error: Dashboard page tab name does not contain "QUGEM"
   at ../.cucumber/stepDefinitions/steps_LoginPage.js:50

  48 |     
  49 |   } else {
> 50 |     throw new Error('Dashboard page tab name does not contain "QUGEM"');
     |           ^
  51 |   }
  52 | })
  53 |]]></failure>
    <system-out><![CDATA[Given Navigate to Dashboard with "english" language.......................passed
Then verify that dashboard page tab name contains QUGEM...................failed
Then verify Quickly_Gmbh Module Button is visible and is clickable.......skipped
Then click the Quickly_Gmbh Module.......................................skipped
And verify new opened Tab title contains "Quickly Transporte GmbH".......skipped
And verify the Quickly_Gmbh URL should be "https://quicklygmbh.de/"......skipped]]></system-out>
  </testcase>
  <testcase classname="Employee Master Data Module functionality" name="chromium › Employee Master Data Module functionality › Verify Visibility and Clickability of Client Companies Dropdown Elements" time="0.7170000000000001">
    <failure type="Error" message="Error: Dashboard page tab name does not contain &quot;QUGEM&quot;&#xA;   at ../.cucumber/stepDefinitions/steps_LoginPage.js:50&#xA;&#xA;  48 |     &#xA;  49 |   } else {&#xA;> 50 |     throw new Error('Dashboard page tab name does not contain &quot;QUGEM&quot;');&#xA;     |           ^&#xA;  51 |   }&#xA;  52 | })&#xA;  53 |"><![CDATA[Error: Dashboard page tab name does not contain "QUGEM"
   at ../.cucumber/stepDefinitions/steps_LoginPage.js:50

  48 |     
  49 |   } else {
> 50 |     throw new Error('Dashboard page tab name does not contain "QUGEM"');
     |           ^
  51 |   }
  52 | })
  53 |]]></failure>
    <system-out><![CDATA[Given Navigate to Dashboard with "english" language.......................passed
Then verify that dashboard page tab name contains QUGEM...................failed
When I click the Employee_Master_data module.............................skipped
When I select "GESAMT FIRMEN" using the company selection button, and ...skipped
When I delete if in any row, surname column text is tester or develope...skipped
Then verify if you write tester or developer in filter surname, row1 i...skipped
Then I delete all filter sections to start every test Scenario with a ...skipped
When I click the client companies dropdown button........................skipped
Then I see client companies are visible and clickable....................skipped]]></system-out>
  </testcase>
  <testcase classname="Employee Master Data Module functionality" name="chromium › Employee Master Data Module functionality › Verify Visibility and Clickability of Company Dropdown Elements" time="0.648">
    <failure type="Error" message="Error: Dashboard page tab name does not contain &quot;QUGEM&quot;&#xA;   at ../.cucumber/stepDefinitions/steps_LoginPage.js:50&#xA;&#xA;  48 |     &#xA;  49 |   } else {&#xA;> 50 |     throw new Error('Dashboard page tab name does not contain &quot;QUGEM&quot;');&#xA;     |           ^&#xA;  51 |   }&#xA;  52 | })&#xA;  53 |"><![CDATA[Error: Dashboard page tab name does not contain "QUGEM"
   at ../.cucumber/stepDefinitions/steps_LoginPage.js:50

  48 |     
  49 |   } else {
> 50 |     throw new Error('Dashboard page tab name does not contain "QUGEM"');
     |           ^
  51 |   }
  52 | })
  53 |]]></failure>
    <system-out><![CDATA[Given Navigate to Dashboard with "english" language.......................passed
Then verify that dashboard page tab name contains QUGEM...................failed
When I click the Employee_Master_data module.............................skipped
When I select "GESAMT FIRMEN" using the company selection button, and ...skipped
When I delete if in any row, surname column text is tester or develope...skipped
Then verify if you write tester or developer in filter surname, row1 i...skipped
Then I delete all filter sections to start every test Scenario with a ...skipped
When I click the company dropdown........................................skipped
Then all companies in dropdown are visible and clickable.................skipped]]></system-out>
  </testcase>
  <testcase classname="Employee Master Data Module functionality" name="chromium › Employee Master Data Module functionality › Add and Delete Employees with Valid Data" time="0.8260000000000001">
    <failure type="Error" message="Error: Dashboard page tab name does not contain &quot;QUGEM&quot;&#xA;   at ../.cucumber/stepDefinitions/steps_LoginPage.js:50&#xA;&#xA;  48 |     &#xA;  49 |   } else {&#xA;> 50 |     throw new Error('Dashboard page tab name does not contain &quot;QUGEM&quot;');&#xA;     |           ^&#xA;  51 |   }&#xA;  52 | })&#xA;  53 |"><![CDATA[Error: Dashboard page tab name does not contain "QUGEM"
   at ../.cucumber/stepDefinitions/steps_LoginPage.js:50

  48 |     
  49 |   } else {
> 50 |     throw new Error('Dashboard page tab name does not contain "QUGEM"');
     |           ^
  51 |   }
  52 | })
  53 |]]></failure>
    <system-out><![CDATA[Given Navigate to Dashboard with "english" language.......................passed
Then verify that dashboard page tab name contains QUGEM...................failed
When I click the Employee_Master_data module.............................skipped
When I select "GESAMT FIRMEN" using the company selection button, and ...skipped
When I delete if in any row, surname column text is tester or develope...skipped
Then verify if you write tester or developer in filter surname, row1 i...skipped
Then I delete all filter sections to start every test Scenario with a ...skipped
When I click the employee add button.....................................skipped
Then I click active check button.........................................skipped
Then I fill "Ersan" "tester" "4321"  "12324"  "3000".....................skipped
When I fill soc_no "123456789123" _postcode "71254" _holidayNumYearly ...skipped
Then I see there is current date visible in entry date input box befor...skipped
Then I see exit date input box is not functional because personal acti...skipped
Then I see netSalary input box is still empty............................skipped
Then I click company and choose option quickly transporte gmbh...........skipped
Then I click Role and choose option LKW Fahrer...........................skipped
Then I click Client and choose option Hermes.............................skipped
Then I click Wage Type and choose option Full_Time.......................skipped
Then I click Tax Class and choose option 3...............................skipped
Then I click Health insurance choose Ikk Classic.........................skipped
Then I click Child allowance and choose 2................................skipped
Then I click Chirch Tax and choose evangelishe kirchensteuer.............skipped
Then I check buttons of meal allowance taxed_night surcharge_hourly Te...skipped
Then I choose payment Type...............................................skipped
Then I see if I filled correctly , calculate salary button becomes fun...skipped
Then I click save changes................................................skipped
Then I verify the alert says "Employee was added successfully"...........skipped
Then I wait for the Url "https://qugem-staging.netlify.app/employee/"....skipped
Then I use no filter and write "4321" and verify it brings to the firs...skipped
Then I find the added employee delete button and click it................skipped
Then I verify the alert text "Are you sure you want to permanently del...skipped
Then I see an alert info message "Employee was deleted successfully".....skipped]]></system-out>
  </testcase>
  <testcase classname="Employee Master Data Module functionality" name="chromium › Employee Master Data Module functionality › Adding one personal with acceptable data and verifying employee saved and employee data is seen in employee master data page" time="0.675">
    <failure type="Error" message="Error: Dashboard page tab name does not contain &quot;QUGEM&quot;&#xA;   at ../.cucumber/stepDefinitions/steps_LoginPage.js:50&#xA;&#xA;  48 |     &#xA;  49 |   } else {&#xA;> 50 |     throw new Error('Dashboard page tab name does not contain &quot;QUGEM&quot;');&#xA;     |           ^&#xA;  51 |   }&#xA;  52 | })&#xA;  53 |"><![CDATA[Error: Dashboard page tab name does not contain "QUGEM"
   at ../.cucumber/stepDefinitions/steps_LoginPage.js:50

  48 |     
  49 |   } else {
> 50 |     throw new Error('Dashboard page tab name does not contain "QUGEM"');
     |           ^
  51 |   }
  52 | })
  53 |]]></failure>
    <system-out><![CDATA[Given Navigate to Dashboard with "english" language.......................passed
Then verify that dashboard page tab name contains QUGEM...................failed
When I click the Employee_Master_data module.............................skipped
When I select "GESAMT FIRMEN" using the company selection button, and ...skipped
When I delete if in any row, surname column text is tester or develope...skipped
Then verify if you write tester or developer in filter surname, row1 i...skipped
Then I delete all filter sections to start every test Scenario with a ...skipped
When I click the employee add button.....................................skipped
Then I click active check button.........................................skipped
Then I fill "Mehmet" "tester" "200"  "12323"  "3000".....................skipped
When I fill soc_no "123456789123" _postcode "71254" _holidayNumYearly ...skipped
Then I see there is current date visible in entry date input box befor...skipped
Then I see exit date input box is not functional because personal acti...skipped
Then I see netSalary input box is still empty............................skipped
Then I click company and choose option quickly transporte gmbh...........skipped
Then I click Role and choose option LKW Fahrer...........................skipped
Then I click Client and choose option Hermes.............................skipped
Then I click Wage Type and choose option Full_Time.......................skipped
Then I click Tax Class and choose option 3...............................skipped
Then I click Health insurance choose Ikk Classic.........................skipped
Then I click Child allowance and choose 2................................skipped
Then I click Chirch Tax and choose evangelishe kirchensteuer.............skipped
Then I check buttons of meal allowance taxed_night surcharge_hourly Te...skipped
Then I choose payment Type...............................................skipped
Then I see if I filled correctly , calculate salary button becomes fun...skipped
Then I click save changes................................................skipped
Then I verify the alert says "Employee was added successfully"...........skipped
Then I wait for the Url "https://qugem-staging.netlify.app/employee/"....skipped
Then I use no filter and write "200" and verify it brings to the first...skipped
Then I verify client firma shoud be "Hermes".............................skipped
Then I verify company should be "QUICKLY TRANSPORTE GMBH"................skipped
Then I verify role is "LKW Fahrer".......................................skipped
Then I verify employee status is "Active"................................skipped
Then I verify new added emnployee edit button is visible and clickable...skipped
Then I click edit button.................................................skipped
When I click the calculate salary button.................................skipped
Then I can see netSalary of the new employee.............................skipped
Then I click save changes again after edition of the employee............skipped
Then I see an alert with text : name surname "was updated successfully...skipped]]></system-out>
  </testcase>
  <testcase classname="Employee Master Data Module functionality" name="chromium › Employee Master Data Module functionality › Add and Delete Employees with Valid Data [1]" time="0.8700000000000001">
    <failure type="Error" message="Error: Dashboard page tab name does not contain &quot;QUGEM&quot;&#xA;   at ../.cucumber/stepDefinitions/steps_LoginPage.js:50&#xA;&#xA;  48 |     &#xA;  49 |   } else {&#xA;> 50 |     throw new Error('Dashboard page tab name does not contain &quot;QUGEM&quot;');&#xA;     |           ^&#xA;  51 |   }&#xA;  52 | })&#xA;  53 |"><![CDATA[Error: Dashboard page tab name does not contain "QUGEM"
   at ../.cucumber/stepDefinitions/steps_LoginPage.js:50

  48 |     
  49 |   } else {
> 50 |     throw new Error('Dashboard page tab name does not contain "QUGEM"');
     |           ^
  51 |   }
  52 | })
  53 |]]></failure>
    <system-out><![CDATA[Given Navigate to Dashboard with "english" language.......................passed
Then verify that dashboard page tab name contains QUGEM...................failed
When I click the Employee_Master_data module.............................skipped
When I select "GESAMT FIRMEN" using the company selection button, and ...skipped
When I delete if in any row, surname column text is tester or develope...skipped
Then verify if you write tester or developer in filter surname, row1 i...skipped
Then I delete all filter sections to start every test Scenario with a ...skipped
When I click the employee add button.....................................skipped
Then I click active check button.........................................skipped
Then I fill "Mehmet" "tester" "1234"  "12323"  "3000"....................skipped
When I fill soc_no "123456789123" _postcode "71254" _holidayNumYearly ...skipped
Then I see there is current date visible in entry date input box befor...skipped
Then I see exit date input box is not functional because personal acti...skipped
Then I see netSalary input box is still empty............................skipped
Then I click company and choose option quickly transporte gmbh...........skipped
Then I click Role and choose option LKW Fahrer...........................skipped
Then I click Client and choose option Hermes.............................skipped
Then I click Wage Type and choose option Full_Time.......................skipped
Then I click Tax Class and choose option 3...............................skipped
Then I click Health insurance choose Ikk Classic.........................skipped
Then I click Child allowance and choose 2................................skipped
Then I click Chirch Tax and choose evangelishe kirchensteuer.............skipped
Then I check buttons of meal allowance taxed_night surcharge_hourly Te...skipped
Then I choose payment Type...............................................skipped
Then I see if I filled correctly , calculate salary button becomes fun...skipped
Then I click save changes................................................skipped
Then I verify the alert says "Employee was added successfully"...........skipped
Then I wait for the Url "https://qugem-staging.netlify.app/employee/"....skipped
Then I use no filter and write "1234" and verify it brings to the firs...skipped
Then I find the added employee delete button and click it................skipped
Then I verify the alert text "Are you sure you want to permanently del...skipped
Then I see an alert info message "Employee was deleted successfully".....skipped]]></system-out>
  </testcase>
  <testcase classname="Employee Master Data Module functionality" name="chromium › Employee Master Data Module functionality › Verify Employee First Name Filter Functionality" time="0.7849999999999999">
    <failure type="Error" message="Error: Dashboard page tab name does not contain &quot;QUGEM&quot;&#xA;   at ../.cucumber/stepDefinitions/steps_LoginPage.js:50&#xA;&#xA;  48 |     &#xA;  49 |   } else {&#xA;> 50 |     throw new Error('Dashboard page tab name does not contain &quot;QUGEM&quot;');&#xA;     |           ^&#xA;  51 |   }&#xA;  52 | })&#xA;  53 |"><![CDATA[Error: Dashboard page tab name does not contain "QUGEM"
   at ../.cucumber/stepDefinitions/steps_LoginPage.js:50

  48 |     
  49 |   } else {
> 50 |     throw new Error('Dashboard page tab name does not contain "QUGEM"');
     |           ^
  51 |   }
  52 | })
  53 |]]></failure>
    <system-out><![CDATA[Given Navigate to Dashboard with "english" language.......................passed
Then verify that dashboard page tab name contains QUGEM...................failed
When I click the Employee_Master_data module.............................skipped
When I select "GESAMT FIRMEN" using the company selection button, and ...skipped
When I delete if in any row, surname column text is tester or develope...skipped
Then verify if you write tester or developer in filter surname, row1 i...skipped
Then I delete all filter sections to start every test Scenario with a ...skipped
Given I verify that the Employees table title is visible.................skipped
Then I verify that the "company" and "client" selection buttons are vi...skipped
Then I enter "Gyulyustan" in the employee search field...................skipped
When verify the employee name "Gyulyustan" should be visible in the fi...skipped
Then I delete the Filter input...........................................skipped
Then verify "Gyulyustan" should not be in the first row..................skipped]]></system-out>
  </testcase>
  <testcase classname="Employee Master Data Module functionality" name="chromium › Employee Master Data Module functionality › Adding one personal with acceptable data and verifying employee saved and employee data is seen in employee master data page [1]" time="0.895">
    <failure type="Error" message="Error: Dashboard page tab name does not contain &quot;QUGEM&quot;&#xA;   at ../.cucumber/stepDefinitions/steps_LoginPage.js:50&#xA;&#xA;  48 |     &#xA;  49 |   } else {&#xA;> 50 |     throw new Error('Dashboard page tab name does not contain &quot;QUGEM&quot;');&#xA;     |           ^&#xA;  51 |   }&#xA;  52 | })&#xA;  53 |"><![CDATA[Error: Dashboard page tab name does not contain "QUGEM"
   at ../.cucumber/stepDefinitions/steps_LoginPage.js:50

  48 |     
  49 |   } else {
> 50 |     throw new Error('Dashboard page tab name does not contain "QUGEM"');
     |           ^
  51 |   }
  52 | })
  53 |]]></failure>
    <system-out><![CDATA[Given Navigate to Dashboard with "english" language.......................passed
Then verify that dashboard page tab name contains QUGEM...................failed
When I click the Employee_Master_data module.............................skipped
When I select "GESAMT FIRMEN" using the company selection button, and ...skipped
When I delete if in any row, surname column text is tester or develope...skipped
Then verify if you write tester or developer in filter surname, row1 i...skipped
Then I delete all filter sections to start every test Scenario with a ...skipped
When I click the employee add button.....................................skipped
Then I click active check button.........................................skipped
Then I fill "Ersan" "tester" "201"  "12324"  "3000"......................skipped
When I fill soc_no "123456789123" _postcode "71254" _holidayNumYearly ...skipped
Then I see there is current date visible in entry date input box befor...skipped
Then I see exit date input box is not functional because personal acti...skipped
Then I see netSalary input box is still empty............................skipped
Then I click company and choose option quickly transporte gmbh...........skipped
Then I click Role and choose option LKW Fahrer...........................skipped
Then I click Client and choose option Hermes.............................skipped
Then I click Wage Type and choose option Full_Time.......................skipped
Then I click Tax Class and choose option 3...............................skipped
Then I click Health insurance choose Ikk Classic.........................skipped
Then I click Child allowance and choose 2................................skipped
Then I click Chirch Tax and choose evangelishe kirchensteuer.............skipped
Then I check buttons of meal allowance taxed_night surcharge_hourly Te...skipped
Then I choose payment Type...............................................skipped
Then I see if I filled correctly , calculate salary button becomes fun...skipped
Then I click save changes................................................skipped
Then I verify the alert says "Employee was added successfully"...........skipped
Then I wait for the Url "https://qugem-staging.netlify.app/employee/"....skipped
Then I use no filter and write "201" and verify it brings to the first...skipped
Then I verify client firma shoud be "Hermes".............................skipped
Then I verify company should be "QUICKLY TRANSPORTE GMBH"................skipped
Then I verify role is "LKW Fahrer".......................................skipped
Then I verify employee status is "Active"................................skipped
Then I verify new added emnployee edit button is visible and clickable...skipped
Then I click edit button.................................................skipped
When I click the calculate salary button.................................skipped
Then I can see netSalary of the new employee.............................skipped
Then I click save changes again after edition of the employee............skipped
Then I see an alert with text : name surname "was updated successfully...skipped]]></system-out>
  </testcase>
  <testcase classname="Employee Master Data Module functionality" name="chromium › Employee Master Data Module functionality › Attempt to Add an Employee with a Duplicate Tax ID" time="0.919">
    <failure type="Error" message="Error: Dashboard page tab name does not contain &quot;QUGEM&quot;&#xA;   at ../.cucumber/stepDefinitions/steps_LoginPage.js:50&#xA;&#xA;  48 |     &#xA;  49 |   } else {&#xA;> 50 |     throw new Error('Dashboard page tab name does not contain &quot;QUGEM&quot;');&#xA;     |           ^&#xA;  51 |   }&#xA;  52 | })&#xA;  53 |"><![CDATA[Error: Dashboard page tab name does not contain "QUGEM"
   at ../.cucumber/stepDefinitions/steps_LoginPage.js:50

  48 |     
  49 |   } else {
> 50 |     throw new Error('Dashboard page tab name does not contain "QUGEM"');
     |           ^
  51 |   }
  52 | })
  53 |]]></failure>
    <system-out><![CDATA[Given Navigate to Dashboard with "english" language.......................passed
Then verify that dashboard page tab name contains QUGEM...................failed
When I click the Employee_Master_data module.............................skipped
When I select "GESAMT FIRMEN" using the company selection button, and ...skipped
When I delete if in any row, surname column text is tester or develope...skipped
Then verify if you write tester or developer in filter surname, row1 i...skipped
Then I delete all filter sections to start every test Scenario with a ...skipped
When I click the employee add button.....................................skipped
Then I click active check button.........................................skipped
Then I fill "Mehmet" "tester" "52"  "12345"  "3000"......................skipped
When I fill soc_no "123456789123" _postcode "71254" _holidayNumYearly ...skipped
Then I see there is current date visible in entry date input box befor...skipped
Then I see exit date input box is not functional because personal acti...skipped
Then I see netSalary input box is still empty............................skipped
Then I click company and choose option quickly transporte gmbh...........skipped
Then I click Role and choose option LKW Fahrer...........................skipped
Then I click Client and choose option Hermes.............................skipped
Then I click Wage Type and choose option Full_Time.......................skipped
Then I click Tax Class and choose option 3...............................skipped
Then I click Health insurance choose Ikk Classic.........................skipped
Then I click Child allowance and choose 2................................skipped
Then I click Chirch Tax and choose evangelishe kirchensteuer.............skipped
Then I check buttons of meal allowance taxed_night surcharge_hourly Te...skipped
Then I choose payment Type...............................................skipped
Then I see if I filled correctly , calculate salary button becomes fun...skipped
Then I click save changes................................................skipped
Then I navigate to "https://qugem-staging.netlify.app/employee"..........skipped
Then I use no filter and write "52" and verify it brings to the first ...skipped
Then I should not see the new employee added using another employee ta...skipped]]></system-out>
  </testcase>
  <testcase classname="Employee Master Data Module functionality" name="chromium › Employee Master Data Module functionality › As a user, if I click Lines per page &quot;10&quot;, the number of rows in the employee table should reflect the correct count." time="1.036">
    <failure type="Error" message="Error: Dashboard page tab name does not contain &quot;QUGEM&quot;&#xA;   at ../.cucumber/stepDefinitions/steps_LoginPage.js:50&#xA;&#xA;  48 |     &#xA;  49 |   } else {&#xA;> 50 |     throw new Error('Dashboard page tab name does not contain &quot;QUGEM&quot;');&#xA;     |           ^&#xA;  51 |   }&#xA;  52 | })&#xA;  53 |"><![CDATA[Error: Dashboard page tab name does not contain "QUGEM"
   at ../.cucumber/stepDefinitions/steps_LoginPage.js:50

  48 |     
  49 |   } else {
> 50 |     throw new Error('Dashboard page tab name does not contain "QUGEM"');
     |           ^
  51 |   }
  52 | })
  53 |]]></failure>
    <system-out><![CDATA[Given Navigate to Dashboard with "english" language.......................passed
Then verify that dashboard page tab name contains QUGEM...................failed
When I click the Employee_Master_data module.............................skipped
When I select "GESAMT FIRMEN" using the company selection button, and ...skipped
When I delete if in any row, surname column text is tester or develope...skipped
Then verify if you write tester or developer in filter surname, row1 i...skipped
Then I delete all filter sections to start every test Scenario with a ...skipped
When I check if Lines per page select button is functional and visible...skipped
Then I click "10" employee choose in Lines Per Page......................skipped
Then I verify the number of rows in employee table is not more than th...skipped
Then I verify next page button is visible and clickable..................skipped
Then I click employee table next page button , and verify number of ro...skipped
Then I click previous page button is visible and clickable...............skipped
Then I click employee table previous page button , and verify number o...skipped]]></system-out>
  </testcase>
  <testcase classname="Employee Master Data Module functionality" name="chromium › Employee Master Data Module functionality › Attempt to Add an Employee with a Duplicate Employee ID" time="0.994">
    <failure type="Error" message="Error: Dashboard page tab name does not contain &quot;QUGEM&quot;&#xA;   at ../.cucumber/stepDefinitions/steps_LoginPage.js:50&#xA;&#xA;  48 |     &#xA;  49 |   } else {&#xA;> 50 |     throw new Error('Dashboard page tab name does not contain &quot;QUGEM&quot;');&#xA;     |           ^&#xA;  51 |   }&#xA;  52 | })&#xA;  53 |"><![CDATA[Error: Dashboard page tab name does not contain "QUGEM"
   at ../.cucumber/stepDefinitions/steps_LoginPage.js:50

  48 |     
  49 |   } else {
> 50 |     throw new Error('Dashboard page tab name does not contain "QUGEM"');
     |           ^
  51 |   }
  52 | })
  53 |]]></failure>
    <system-out><![CDATA[Given Navigate to Dashboard with "english" language.......................passed
Then verify that dashboard page tab name contains QUGEM...................failed
When I click the Employee_Master_data module.............................skipped
When I select "GESAMT FIRMEN" using the company selection button, and ...skipped
When I delete if in any row, surname column text is tester or develope...skipped
Then verify if you write tester or developer in filter surname, row1 i...skipped
Then I delete all filter sections to start every test Scenario with a ...skipped
When I click the employee add button.....................................skipped
Then I click active check button.........................................skipped
Then I fill "Mehmet" "tester" "123"  "23454"  "3000".....................skipped
When I fill soc_no "123456789123" _postcode "71254" _holidayNumYearly ...skipped
Then I see there is current date visible in entry date input box befor...skipped
Then I see exit date input box is not functional because personal acti...skipped
Then I see netSalary input box is still empty............................skipped
Then I click company and choose option quickly transporte gmbh...........skipped
Then I click Role and choose option LKW Fahrer...........................skipped
Then I click Client and choose option Hermes.............................skipped
Then I click Wage Type and choose option Full_Time.......................skipped
Then I click Tax Class and choose option 3...............................skipped
Then I click Health insurance choose Ikk Classic.........................skipped
Then I click Child allowance and choose 2................................skipped
Then I click Chirch Tax and choose evangelishe kirchensteuer.............skipped
Then I check buttons of meal allowance taxed_night surcharge_hourly Te...skipped
Then I choose payment Type...............................................skipped
Then I see if I filled correctly , calculate salary button becomes fun...skipped
Then I click save changes................................................skipped
Then I verify the alert warns "Es existiert bereits ein Mitarbeiter mi...skipped
Then I navigate to "https://qugem-staging.netlify.app/employee"..........skipped
Then verify that with same "123" new employee cannot be added............skipped]]></system-out>
  </testcase>
  <testcase classname="Employee Master Data Module functionality" name="chromium › Employee Master Data Module functionality › Attempt to Add an Employee with a Duplicate Employee ID [1]" time="0.9400000000000001">
    <failure type="Error" message="Error: Dashboard page tab name does not contain &quot;QUGEM&quot;&#xA;   at ../.cucumber/stepDefinitions/steps_LoginPage.js:50&#xA;&#xA;  48 |     &#xA;  49 |   } else {&#xA;> 50 |     throw new Error('Dashboard page tab name does not contain &quot;QUGEM&quot;');&#xA;     |           ^&#xA;  51 |   }&#xA;  52 | })&#xA;  53 |"><![CDATA[Error: Dashboard page tab name does not contain "QUGEM"
   at ../.cucumber/stepDefinitions/steps_LoginPage.js:50

  48 |     
  49 |   } else {
> 50 |     throw new Error('Dashboard page tab name does not contain "QUGEM"');
     |           ^
  51 |   }
  52 | })
  53 |]]></failure>
    <system-out><![CDATA[Given Navigate to Dashboard with "english" language.......................passed
Then verify that dashboard page tab name contains QUGEM...................failed
When I click the Employee_Master_data module.............................skipped
When I select "GESAMT FIRMEN" using the company selection button, and ...skipped
When I delete if in any row, surname column text is tester or develope...skipped
Then verify if you write tester or developer in filter surname, row1 i...skipped
Then I delete all filter sections to start every test Scenario with a ...skipped
When I click the employee add button.....................................skipped
Then I click active check button.........................................skipped
Then I fill "Ersan" "tester" "123"  "34356"  "3000"......................skipped
When I fill soc_no "123456789123" _postcode "71254" _holidayNumYearly ...skipped
Then I see there is current date visible in entry date input box befor...skipped
Then I see exit date input box is not functional because personal acti...skipped
Then I see netSalary input box is still empty............................skipped
Then I click company and choose option quickly transporte gmbh...........skipped
Then I click Role and choose option LKW Fahrer...........................skipped
Then I click Client and choose option Hermes.............................skipped
Then I click Wage Type and choose option Full_Time.......................skipped
Then I click Tax Class and choose option 3...............................skipped
Then I click Health insurance choose Ikk Classic.........................skipped
Then I click Child allowance and choose 2................................skipped
Then I click Chirch Tax and choose evangelishe kirchensteuer.............skipped
Then I check buttons of meal allowance taxed_night surcharge_hourly Te...skipped
Then I choose payment Type...............................................skipped
Then I see if I filled correctly , calculate salary button becomes fun...skipped
Then I click save changes................................................skipped
Then I verify the alert warns "Es existiert bereits ein Mitarbeiter mi...skipped
Then I navigate to "https://qugem-staging.netlify.app/employee"..........skipped
Then verify that with same "123" new employee cannot be added............skipped]]></system-out>
  </testcase>
  <testcase classname="Employee Master Data Module functionality" name="chromium › Employee Master Data Module functionality › As a user, if I click Lines per page &quot;25&quot;, the number of rows in the employee table should reflect the correct count." time="0.932">
    <failure type="Error" message="Error: Dashboard page tab name does not contain &quot;QUGEM&quot;&#xA;   at ../.cucumber/stepDefinitions/steps_LoginPage.js:50&#xA;&#xA;  48 |     &#xA;  49 |   } else {&#xA;> 50 |     throw new Error('Dashboard page tab name does not contain &quot;QUGEM&quot;');&#xA;     |           ^&#xA;  51 |   }&#xA;  52 | })&#xA;  53 |"><![CDATA[Error: Dashboard page tab name does not contain "QUGEM"
   at ../.cucumber/stepDefinitions/steps_LoginPage.js:50

  48 |     
  49 |   } else {
> 50 |     throw new Error('Dashboard page tab name does not contain "QUGEM"');
     |           ^
  51 |   }
  52 | })
  53 |]]></failure>
    <system-out><![CDATA[Given Navigate to Dashboard with "english" language.......................passed
Then verify that dashboard page tab name contains QUGEM...................failed
When I click the Employee_Master_data module.............................skipped
When I select "GESAMT FIRMEN" using the company selection button, and ...skipped
When I delete if in any row, surname column text is tester or develope...skipped
Then verify if you write tester or developer in filter surname, row1 i...skipped
Then I delete all filter sections to start every test Scenario with a ...skipped
When I check if Lines per page select button is functional and visible...skipped
Then I click "25" employee choose in Lines Per Page......................skipped
Then I verify the number of rows in employee table is not more than th...skipped
Then I verify next page button is visible and clickable..................skipped
Then I click employee table next page button , and verify number of ro...skipped
Then I click previous page button is visible and clickable...............skipped
Then I click employee table previous page button , and verify number o...skipped]]></system-out>
  </testcase>
  <testcase classname="Employee Master Data Module functionality" name="chromium › Employee Master Data Module functionality › verify employee id cant have alphabetic characters" time="2.432">
    <failure type="Error" message="Error: Dashboard page tab name does not contain &quot;QUGEM&quot;&#xA;   at ../.cucumber/stepDefinitions/steps_LoginPage.js:50&#xA;&#xA;  48 |     &#xA;  49 |   } else {&#xA;> 50 |     throw new Error('Dashboard page tab name does not contain &quot;QUGEM&quot;');&#xA;     |           ^&#xA;  51 |   }&#xA;  52 | })&#xA;  53 |"><![CDATA[Error: Dashboard page tab name does not contain "QUGEM"
   at ../.cucumber/stepDefinitions/steps_LoginPage.js:50

  48 |     
  49 |   } else {
> 50 |     throw new Error('Dashboard page tab name does not contain "QUGEM"');
     |           ^
  51 |   }
  52 | })
  53 |]]></failure>
    <system-out><![CDATA[Given Navigate to Dashboard with "english" language.......................passed
Then verify that dashboard page tab name contains QUGEM...................failed
When I click the Employee_Master_data module.............................skipped
When I select "GESAMT FIRMEN" using the company selection button, and ...skipped
When I delete if in any row, surname column text is tester or develope...skipped
Then verify if you write tester or developer in filter surname, row1 i...skipped
Then I delete all filter sections to start every test Scenario with a ...skipped
When I click the employee add button.....................................skipped
Then I verify employee id input does not accept alphabetic values: "ab...skipped]]></system-out>
  </testcase>
  <testcase classname="Employee Master Data Module functionality" name="chromium › Employee Master Data Module functionality › Add an employee with name contain numbers" time="2.317">
    <failure type="Error" message="Error: Dashboard page tab name does not contain &quot;QUGEM&quot;&#xA;   at ../.cucumber/stepDefinitions/steps_LoginPage.js:50&#xA;&#xA;  48 |     &#xA;  49 |   } else {&#xA;> 50 |     throw new Error('Dashboard page tab name does not contain &quot;QUGEM&quot;');&#xA;     |           ^&#xA;  51 |   }&#xA;  52 | })&#xA;  53 |"><![CDATA[Error: Dashboard page tab name does not contain "QUGEM"
   at ../.cucumber/stepDefinitions/steps_LoginPage.js:50

  48 |     
  49 |   } else {
> 50 |     throw new Error('Dashboard page tab name does not contain "QUGEM"');
     |           ^
  51 |   }
  52 | })
  53 |]]></failure>
    <system-out><![CDATA[Given Navigate to Dashboard with "english" language.......................passed
Then verify that dashboard page tab name contains QUGEM...................failed
When I click the Employee_Master_data module.............................skipped
When I select "GESAMT FIRMEN" using the company selection button, and ...skipped
When I delete if in any row, surname column text is tester or develope...skipped
Then verify if you write tester or developer in filter surname, row1 i...skipped
Then I delete all filter sections to start every test Scenario with a ...skipped
When I click the employee add button.....................................skipped
Then I click active check button.........................................skipped
Then I fill "Ersan1234" "tester" "301"  "86573"  "3000"..................skipped
When I fill soc_no "123456789123" _postcode "71254" _holidayNumYearly ...skipped
Then I see exit date input box is not functional because personal acti...skipped
Then I see netSalary input box is still empty............................skipped
Then I click company and choose option quickly transporte gmbh...........skipped
Then I click Role and choose option LKW Fahrer...........................skipped
Then I click Client and choose option Hermes.............................skipped
Then I click Wage Type and choose option Full_Time.......................skipped
Then I click Tax Class and choose option 3...............................skipped
Then I click Health insurance choose Ikk Classic.........................skipped
Then I click Child allowance and choose 2................................skipped
Then I click Chirch Tax and choose evangelishe kirchensteuer.............skipped
Then I check buttons of meal allowance taxed_night surcharge_hourly Te...skipped
Then I choose payment Type...............................................skipped
Then I see if I filled correctly , calculate salary button becomes fun...skipped
Then I click save changes................................................skipped
Then I verify the alert says "Employee was added successfully"...........skipped
Then I wait for the Url "https://qugem-staging.netlify.app/employee/"....skipped
Then I dont see , if  "Ersan1234" "tester" appears in the employee tab...skipped]]></system-out>
  </testcase>
  <testcase classname="Employee Master Data Module functionality" name="chromium › Employee Master Data Module functionality › Add an employee with name contain numbers [1]" time="2.424">
    <failure type="Error" message="Error: Dashboard page tab name does not contain &quot;QUGEM&quot;&#xA;   at ../.cucumber/stepDefinitions/steps_LoginPage.js:50&#xA;&#xA;  48 |     &#xA;  49 |   } else {&#xA;> 50 |     throw new Error('Dashboard page tab name does not contain &quot;QUGEM&quot;');&#xA;     |           ^&#xA;  51 |   }&#xA;  52 | })&#xA;  53 |"><![CDATA[Error: Dashboard page tab name does not contain "QUGEM"
   at ../.cucumber/stepDefinitions/steps_LoginPage.js:50

  48 |     
  49 |   } else {
> 50 |     throw new Error('Dashboard page tab name does not contain "QUGEM"');
     |           ^
  51 |   }
  52 | })
  53 |]]></failure>
    <system-out><![CDATA[Given Navigate to Dashboard with "english" language.......................passed
Then verify that dashboard page tab name contains QUGEM...................failed
When I click the Employee_Master_data module.............................skipped
When I select "GESAMT FIRMEN" using the company selection button, and ...skipped
When I delete if in any row, surname column text is tester or develope...skipped
Then verify if you write tester or developer in filter surname, row1 i...skipped
Then I delete all filter sections to start every test Scenario with a ...skipped
When I click the employee add button.....................................skipped
Then I click active check button.........................................skipped
Then I fill "Mehmet1235" "tester" "300"  "7345"  "3000"..................skipped
When I fill soc_no "123456789123" _postcode "71254" _holidayNumYearly ...skipped
Then I see exit date input box is not functional because personal acti...skipped
Then I see netSalary input box is still empty............................skipped
Then I click company and choose option quickly transporte gmbh...........skipped
Then I click Role and choose option LKW Fahrer...........................skipped
Then I click Client and choose option Hermes.............................skipped
Then I click Wage Type and choose option Full_Time.......................skipped
Then I click Tax Class and choose option 3...............................skipped
Then I click Health insurance choose Ikk Classic.........................skipped
Then I click Child allowance and choose 2................................skipped
Then I click Chirch Tax and choose evangelishe kirchensteuer.............skipped
Then I check buttons of meal allowance taxed_night surcharge_hourly Te...skipped
Then I choose payment Type...............................................skipped
Then I see if I filled correctly , calculate salary button becomes fun...skipped
Then I click save changes................................................skipped
Then I verify the alert says "Employee was added successfully"...........skipped
Then I wait for the Url "https://qugem-staging.netlify.app/employee/"....skipped
Then I dont see , if  "Mehmet1235" "tester" appears in the employee ta...skipped]]></system-out>
  </testcase>
  <testcase classname="Employee Master Data Module functionality" name="chromium › Employee Master Data Module functionality › As a user, if I click Lines per page &quot;50&quot;, the number of rows in the employee table should reflect the correct count." time="2.367">
    <failure type="Error" message="Error: Dashboard page tab name does not contain &quot;QUGEM&quot;&#xA;   at ../.cucumber/stepDefinitions/steps_LoginPage.js:50&#xA;&#xA;  48 |     &#xA;  49 |   } else {&#xA;> 50 |     throw new Error('Dashboard page tab name does not contain &quot;QUGEM&quot;');&#xA;     |           ^&#xA;  51 |   }&#xA;  52 | })&#xA;  53 |"><![CDATA[Error: Dashboard page tab name does not contain "QUGEM"
   at ../.cucumber/stepDefinitions/steps_LoginPage.js:50

  48 |     
  49 |   } else {
> 50 |     throw new Error('Dashboard page tab name does not contain "QUGEM"');
     |           ^
  51 |   }
  52 | })
  53 |]]></failure>
    <system-out><![CDATA[Given Navigate to Dashboard with "english" language.......................passed
Then verify that dashboard page tab name contains QUGEM...................failed
When I click the Employee_Master_data module.............................skipped
When I select "GESAMT FIRMEN" using the company selection button, and ...skipped
When I delete if in any row, surname column text is tester or develope...skipped
Then verify if you write tester or developer in filter surname, row1 i...skipped
Then I delete all filter sections to start every test Scenario with a ...skipped
When I check if Lines per page select button is functional and visible...skipped
Then I click "50" employee choose in Lines Per Page......................skipped
Then I verify the number of rows in employee table is not more than th...skipped
Then I verify next page button is visible and clickable..................skipped
Then I click employee table next page button , and verify number of ro...skipped
Then I click previous page button is visible and clickable...............skipped
Then I click employee table previous page button , and verify number o...skipped]]></system-out>
  </testcase>
  <testcase classname="Employee Master Data Module functionality" name="chromium › Employee Master Data Module functionality › Add an employee with name contain numbers [2]" time="2.396">
    <failure type="Error" message="Error: Dashboard page tab name does not contain &quot;QUGEM&quot;&#xA;   at ../.cucumber/stepDefinitions/steps_LoginPage.js:50&#xA;&#xA;  48 |     &#xA;  49 |   } else {&#xA;> 50 |     throw new Error('Dashboard page tab name does not contain &quot;QUGEM&quot;');&#xA;     |           ^&#xA;  51 |   }&#xA;  52 | })&#xA;  53 |"><![CDATA[Error: Dashboard page tab name does not contain "QUGEM"
   at ../.cucumber/stepDefinitions/steps_LoginPage.js:50

  48 |     
  49 |   } else {
> 50 |     throw new Error('Dashboard page tab name does not contain "QUGEM"');
     |           ^
  51 |   }
  52 | })
  53 |]]></failure>
    <system-out><![CDATA[Given Navigate to Dashboard with "english" language.......................passed
Then verify that dashboard page tab name contains QUGEM...................failed
When I click the Employee_Master_data module.............................skipped
When I select "GESAMT FIRMEN" using the company selection button, and ...skipped
When I delete if in any row, surname column text is tester or develope...skipped
Then verify if you write tester or developer in filter surname, row1 i...skipped
Then I delete all filter sections to start every test Scenario with a ...skipped
When I click the employee add button.....................................skipped
Then I click active check button.........................................skipped
Then I fill "1234567" "tester" "302"  "98564"  "3000"....................skipped
When I fill soc_no "123456789123" _postcode "71254" _holidayNumYearly ...skipped
Then I see exit date input box is not functional because personal acti...skipped
Then I see netSalary input box is still empty............................skipped
Then I click company and choose option quickly transporte gmbh...........skipped
Then I click Role and choose option LKW Fahrer...........................skipped
Then I click Client and choose option Hermes.............................skipped
Then I click Wage Type and choose option Full_Time.......................skipped
Then I click Tax Class and choose option 3...............................skipped
Then I click Health insurance choose Ikk Classic.........................skipped
Then I click Child allowance and choose 2................................skipped
Then I click Chirch Tax and choose evangelishe kirchensteuer.............skipped
Then I check buttons of meal allowance taxed_night surcharge_hourly Te...skipped
Then I choose payment Type...............................................skipped
Then I see if I filled correctly , calculate salary button becomes fun...skipped
Then I click save changes................................................skipped
Then I verify the alert says "Employee was added successfully"...........skipped
Then I wait for the Url "https://qugem-staging.netlify.app/employee/"....skipped
Then I dont see , if  "1234567" "tester" appears in the employee table...skipped]]></system-out>
  </testcase>
  <testcase classname="Employee Master Data Module functionality" name="chromium › Employee Master Data Module functionality › verify employee id cant have alphabetic characters [1]" time="2.59">
    <failure type="Error" message="Error: Dashboard page tab name does not contain &quot;QUGEM&quot;&#xA;   at ../.cucumber/stepDefinitions/steps_LoginPage.js:50&#xA;&#xA;  48 |     &#xA;  49 |   } else {&#xA;> 50 |     throw new Error('Dashboard page tab name does not contain &quot;QUGEM&quot;');&#xA;     |           ^&#xA;  51 |   }&#xA;  52 | })&#xA;  53 |"><![CDATA[Error: Dashboard page tab name does not contain "QUGEM"
   at ../.cucumber/stepDefinitions/steps_LoginPage.js:50

  48 |     
  49 |   } else {
> 50 |     throw new Error('Dashboard page tab name does not contain "QUGEM"');
     |           ^
  51 |   }
  52 | })
  53 |]]></failure>
    <system-out><![CDATA[Given Navigate to Dashboard with "english" language.......................passed
Then verify that dashboard page tab name contains QUGEM...................failed
When I click the Employee_Master_data module.............................skipped
When I select "GESAMT FIRMEN" using the company selection button, and ...skipped
When I delete if in any row, surname column text is tester or develope...skipped
Then verify if you write tester or developer in filter surname, row1 i...skipped
Then I delete all filter sections to start every test Scenario with a ...skipped
When I click the employee add button.....................................skipped
Then I verify employee id input does not accept alphabetic values: "12...skipped]]></system-out>
  </testcase>
  <testcase classname="Employee Master Data Module functionality" name="chromium › Employee Master Data Module functionality › verify social security number cannot be less or more than _12_ characters" time="1.327">
    <failure type="Error" message="Error: Dashboard page tab name does not contain &quot;QUGEM&quot;&#xA;   at ../.cucumber/stepDefinitions/steps_LoginPage.js:50&#xA;&#xA;  48 |     &#xA;  49 |   } else {&#xA;> 50 |     throw new Error('Dashboard page tab name does not contain &quot;QUGEM&quot;');&#xA;     |           ^&#xA;  51 |   }&#xA;  52 | })&#xA;  53 |"><![CDATA[Error: Dashboard page tab name does not contain "QUGEM"
   at ../.cucumber/stepDefinitions/steps_LoginPage.js:50

  48 |     
  49 |   } else {
> 50 |     throw new Error('Dashboard page tab name does not contain "QUGEM"');
     |           ^
  51 |   }
  52 | })
  53 |]]></failure>
    <system-out><![CDATA[Given Navigate to Dashboard with "english" language.......................passed
Then verify that dashboard page tab name contains QUGEM...................failed
When I click the Employee_Master_data module.............................skipped
When I select "GESAMT FIRMEN" using the company selection button, and ...skipped
When I delete if in any row, surname column text is tester or develope...skipped
Then verify if you write tester or developer in filter surname, row1 i...skipped
Then I delete all filter sections to start every test Scenario with a ...skipped
When I click the employee add button.....................................skipped
Then I fill social security number "1234567".............................skipped
Then I click save changes................................................skipped
Then I verify social security number cannot be less or more than _12_ ...skipped]]></system-out>
  </testcase>
  <testcase classname="Employee Master Data Module functionality" name="chromium › Employee Master Data Module functionality › verify necessary input box fields warns you if you dont fill and click save" time="0.758">
    <failure type="Error" message="Error: Dashboard page tab name does not contain &quot;QUGEM&quot;&#xA;   at ../.cucumber/stepDefinitions/steps_LoginPage.js:50&#xA;&#xA;  48 |     &#xA;  49 |   } else {&#xA;> 50 |     throw new Error('Dashboard page tab name does not contain &quot;QUGEM&quot;');&#xA;     |           ^&#xA;  51 |   }&#xA;  52 | })&#xA;  53 |"><![CDATA[Error: Dashboard page tab name does not contain "QUGEM"
   at ../.cucumber/stepDefinitions/steps_LoginPage.js:50

  48 |     
  49 |   } else {
> 50 |     throw new Error('Dashboard page tab name does not contain "QUGEM"');
     |           ^
  51 |   }
  52 | })
  53 |]]></failure>
    <system-out><![CDATA[Given Navigate to Dashboard with "english" language.......................passed
Then verify that dashboard page tab name contains QUGEM...................failed
When I click the Employee_Master_data module.............................skipped
When I select "GESAMT FIRMEN" using the company selection button, and ...skipped
When I delete if in any row, surname column text is tester or develope...skipped
Then verify if you write tester or developer in filter surname, row1 i...skipped
Then I delete all filter sections to start every test Scenario with a ...skipped
When I click the employee add button.....................................skipped
Then I click save changes................................................skipped
Then verify if adress is not filled , warning message is "This field i...skipped
Then verify if Postal Code is not filled , warning message is "This fi...skipped
Then verify if First Name is not filled , warning message is "This fie...skipped
Then verify if Last Name is not filled , warning message is "This fiel...skipped
Then verify if adress is not filled , warning message is "This field i...skipped]]></system-out>
  </testcase>
  <testcase classname="Employee Master Data Module functionality" name="chromium › Employee Master Data Module functionality › verify Tax_id field cannot be more than 11 characters long and only accepts numeric value" time="1.217">
    <failure type="Error" message="Error: Dashboard page tab name does not contain &quot;QUGEM&quot;&#xA;   at ../.cucumber/stepDefinitions/steps_LoginPage.js:50&#xA;&#xA;  48 |     &#xA;  49 |   } else {&#xA;> 50 |     throw new Error('Dashboard page tab name does not contain &quot;QUGEM&quot;');&#xA;     |           ^&#xA;  51 |   }&#xA;  52 | })&#xA;  53 |"><![CDATA[Error: Dashboard page tab name does not contain "QUGEM"
   at ../.cucumber/stepDefinitions/steps_LoginPage.js:50

  48 |     
  49 |   } else {
> 50 |     throw new Error('Dashboard page tab name does not contain "QUGEM"');
     |           ^
  51 |   }
  52 | })
  53 |]]></failure>
    <system-out><![CDATA[Given Navigate to Dashboard with "english" language.......................passed
Then verify that dashboard page tab name contains QUGEM...................failed
When I click the Employee_Master_data module.............................skipped
When I select "GESAMT FIRMEN" using the company selection button, and ...skipped
When I delete if in any row, surname column text is tester or develope...skipped
Then verify if you write tester or developer in filter surname, row1 i...skipped
Then I delete all filter sections to start every test Scenario with a ...skipped
When I click the employee add button.....................................skipped
Then I fill tax_id input box with :"1234abcd"............................skipped
Then I click save changes................................................skipped
Then I verify tax cannot be more than _11_ characters long or accepts ...skipped]]></system-out>
  </testcase>
  <testcase classname="Employee Master Data Module functionality" name="chromium › Employee Master Data Module functionality › verify Tax_id field cannot be more than 11 characters long and only accepts numeric value [1]" time="1.2160000000000002">
    <failure type="Error" message="Error: Dashboard page tab name does not contain &quot;QUGEM&quot;&#xA;   at ../.cucumber/stepDefinitions/steps_LoginPage.js:50&#xA;&#xA;  48 |     &#xA;  49 |   } else {&#xA;> 50 |     throw new Error('Dashboard page tab name does not contain &quot;QUGEM&quot;');&#xA;     |           ^&#xA;  51 |   }&#xA;  52 | })&#xA;  53 |"><![CDATA[Error: Dashboard page tab name does not contain "QUGEM"
   at ../.cucumber/stepDefinitions/steps_LoginPage.js:50

  48 |     
  49 |   } else {
> 50 |     throw new Error('Dashboard page tab name does not contain "QUGEM"');
     |           ^
  51 |   }
  52 | })
  53 |]]></failure>
    <system-out><![CDATA[Given Navigate to Dashboard with "english" language.......................passed
Then verify that dashboard page tab name contains QUGEM...................failed
When I click the Employee_Master_data module.............................skipped
When I select "GESAMT FIRMEN" using the company selection button, and ...skipped
When I delete if in any row, surname column text is tester or develope...skipped
Then verify if you write tester or developer in filter surname, row1 i...skipped
Then I delete all filter sections to start every test Scenario with a ...skipped
When I click the employee add button.....................................skipped
Then I fill tax_id input box with :"123456789123456789123456789".........skipped
Then I click save changes................................................skipped
Then I verify tax cannot be more than _11_ characters long or accepts ...skipped]]></system-out>
  </testcase>
  <testcase classname="Employee Master Data Module functionality" name="chromium › Employee Master Data Module functionality › verify social security number cannot be less or more than _12_ characters [1]" time="1.01">
    <failure type="Error" message="Error: Dashboard page tab name does not contain &quot;QUGEM&quot;&#xA;   at ../.cucumber/stepDefinitions/steps_LoginPage.js:50&#xA;&#xA;  48 |     &#xA;  49 |   } else {&#xA;> 50 |     throw new Error('Dashboard page tab name does not contain &quot;QUGEM&quot;');&#xA;     |           ^&#xA;  51 |   }&#xA;  52 | })&#xA;  53 |"><![CDATA[Error: Dashboard page tab name does not contain "QUGEM"
   at ../.cucumber/stepDefinitions/steps_LoginPage.js:50

  48 |     
  49 |   } else {
> 50 |     throw new Error('Dashboard page tab name does not contain "QUGEM"');
     |           ^
  51 |   }
  52 | })
  53 |]]></failure>
    <system-out><![CDATA[Given Navigate to Dashboard with "english" language.......................passed
Then verify that dashboard page tab name contains QUGEM...................failed
When I click the Employee_Master_data module.............................skipped
When I select "GESAMT FIRMEN" using the company selection button, and ...skipped
When I delete if in any row, surname column text is tester or develope...skipped
Then verify if you write tester or developer in filter surname, row1 i...skipped
Then I delete all filter sections to start every test Scenario with a ...skipped
When I click the employee add button.....................................skipped
Then I fill social security number "123sdfsadfsdgfsdgdgsedg".............skipped
Then I click save changes................................................skipped
Then I verify social security number cannot be less or more than _12_ ...skipped]]></system-out>
  </testcase>
  <testcase classname="Employee Master Data Module functionality" name="chromium › Employee Master Data Module functionality › verify employee id can be a so long number" time="0.522">
    <failure type="Error" message="Error: Dashboard page tab name does not contain &quot;QUGEM&quot;&#xA;   at ../.cucumber/stepDefinitions/steps_LoginPage.js:50&#xA;&#xA;  48 |     &#xA;  49 |   } else {&#xA;> 50 |     throw new Error('Dashboard page tab name does not contain &quot;QUGEM&quot;');&#xA;     |           ^&#xA;  51 |   }&#xA;  52 | })&#xA;  53 |"><![CDATA[Error: Dashboard page tab name does not contain "QUGEM"
   at ../.cucumber/stepDefinitions/steps_LoginPage.js:50

  48 |     
  49 |   } else {
> 50 |     throw new Error('Dashboard page tab name does not contain "QUGEM"');
     |           ^
  51 |   }
  52 | })
  53 |]]></failure>
    <system-out><![CDATA[Given Navigate to Dashboard with "english" language.......................passed
Then verify that dashboard page tab name contains QUGEM...................failed
When I click the Employee_Master_data module.............................skipped
When I select "GESAMT FIRMEN" using the company selection button, and ...skipped
When I delete if in any row, surname column text is tester or develope...skipped
Then verify if you write tester or developer in filter surname, row1 i...skipped
Then I delete all filter sections to start every test Scenario with a ...skipped
Then I navigate to "https://qugem-staging.netlify.app/employee"..........skipped
Then I find an existing employee with filter , name is "mehmet" and la...skipped
Then I click edit button.................................................skipped
Then I fill employee id with a very long numeric value "12345678909876...skipped
Then I click save changes................................................skipped
Then verify we dont see an alert employee "was updated successfully".....skipped]]></system-out>
  </testcase>
  <testcase classname="Testing Navigation Success with valid and invalid credentials" name="chromium › Testing Navigation Success with valid and invalid credentials › 3- User cannot login with a short password less than 6 characters" time="0.839">
    <failure type="Error" message="Error: page.goto: net::ERR_NAME_NOT_RESOLVED at https://qugem-staging.netlify.app/auth/sign-in&#xA;Call log:&#xA;  - navigating to &quot;https://qugem-staging.netlify.app/auth/sign-in&quot;, waiting until &quot;load&quot;&#xA;&#xA;   at ../.cucumber/pages/LoginPage.js:82&#xA;&#xA;  80 |&#xA;  81 |   async gotoLoginPage() {&#xA;> 82 |     await this.page.goto(process.env.url)&#xA;     |                     ^&#xA;  83 |   }&#xA;  84 |&#xA;  85 |   //for pozitif and and negatif test scnerio , it can be used"><![CDATA[Error: page.goto: net::ERR_NAME_NOT_RESOLVED at https://qugem-staging.netlify.app/auth/sign-in
Call log:
  - navigating to "https://qugem-staging.netlify.app/auth/sign-in", waiting until "load"

   at ../.cucumber/pages/LoginPage.js:82

  80 |
  81 |   async gotoLoginPage() {
> 82 |     await this.page.goto(process.env.url)
     |                     ^
  83 |   }
  84 |
  85 |   //for pozitif and and negatif test scnerio , it can be used]]></failure>
    <system-out><![CDATA[Given Navigate to Login Page..............................................failed
Then Enter a valid email.................................................skipped
Then Enter an invalid "12345"............................................skipped
Then choose the "türkish" in loginPage...................................skipped
Then verify login button is functional...................................skipped
Then press enter button on keyboard......................................skipped
And verify that user gets an alert for pasword and alert is in right l...skipped]]></system-out>
  </testcase>
  <testcase classname="Testing Navigation Success with valid and invalid credentials" name="chromium › Testing Navigation Success with valid and invalid credentials › 3- User cannot login with a short password less than 6 characters [1]" time="0.74">
    <failure type="Error" message="Error: page.goto: net::ERR_NAME_NOT_RESOLVED at https://qugem-staging.netlify.app/auth/sign-in&#xA;Call log:&#xA;  - navigating to &quot;https://qugem-staging.netlify.app/auth/sign-in&quot;, waiting until &quot;load&quot;&#xA;&#xA;   at ../.cucumber/pages/LoginPage.js:82&#xA;&#xA;  80 |&#xA;  81 |   async gotoLoginPage() {&#xA;> 82 |     await this.page.goto(process.env.url)&#xA;     |                     ^&#xA;  83 |   }&#xA;  84 |&#xA;  85 |   //for pozitif and and negatif test scnerio , it can be used"><![CDATA[Error: page.goto: net::ERR_NAME_NOT_RESOLVED at https://qugem-staging.netlify.app/auth/sign-in
Call log:
  - navigating to "https://qugem-staging.netlify.app/auth/sign-in", waiting until "load"

   at ../.cucumber/pages/LoginPage.js:82

  80 |
  81 |   async gotoLoginPage() {
> 82 |     await this.page.goto(process.env.url)
     |                     ^
  83 |   }
  84 |
  85 |   //for pozitif and and negatif test scnerio , it can be used]]></failure>
    <system-out><![CDATA[Given Navigate to Login Page..............................................failed
Then Enter a valid email.................................................skipped
Then Enter an invalid "wd32".............................................skipped
Then choose the "english" in loginPage...................................skipped
Then verify login button is functional...................................skipped
Then press enter button on keyboard......................................skipped
And verify that user gets an alert for pasword and alert is in right l...skipped]]></system-out>
  </testcase>
  <testcase classname="Testing Navigation Success with valid and invalid credentials" name="chromium › Testing Navigation Success with valid and invalid credentials › 3- User cannot login with a short password less than 6 characters [2]" time="0.834">
    <failure type="Error" message="Error: page.goto: net::ERR_NAME_NOT_RESOLVED at https://qugem-staging.netlify.app/auth/sign-in&#xA;Call log:&#xA;  - navigating to &quot;https://qugem-staging.netlify.app/auth/sign-in&quot;, waiting until &quot;load&quot;&#xA;&#xA;   at ../.cucumber/pages/LoginPage.js:82&#xA;&#xA;  80 |&#xA;  81 |   async gotoLoginPage() {&#xA;> 82 |     await this.page.goto(process.env.url)&#xA;     |                     ^&#xA;  83 |   }&#xA;  84 |&#xA;  85 |   //for pozitif and and negatif test scnerio , it can be used"><![CDATA[Error: page.goto: net::ERR_NAME_NOT_RESOLVED at https://qugem-staging.netlify.app/auth/sign-in
Call log:
  - navigating to "https://qugem-staging.netlify.app/auth/sign-in", waiting until "load"

   at ../.cucumber/pages/LoginPage.js:82

  80 |
  81 |   async gotoLoginPage() {
> 82 |     await this.page.goto(process.env.url)
     |                     ^
  83 |   }
  84 |
  85 |   //for pozitif and and negatif test scnerio , it can be used]]></failure>
    <system-out><![CDATA[Given Navigate to Login Page..............................................failed
Then Enter a valid email.................................................skipped
Then Enter an invalid "abc"..............................................skipped
Then choose the "german" in loginPage....................................skipped
Then verify login button is functional...................................skipped
Then press enter button on keyboard......................................skipped
And verify that user gets an alert for pasword and alert is in right l...skipped]]></system-out>
  </testcase>
  <testcase classname="Testing Navigation Success with valid and invalid credentials" name="chromium › Testing Navigation Success with valid and invalid credentials › 1-User Logs In, Navigates to Dashboard, and Logs Out" time="0.774">
    <failure type="Error" message="Error: page.goto: net::ERR_NAME_NOT_RESOLVED at https://qugem-staging.netlify.app/auth/sign-in&#xA;Call log:&#xA;  - navigating to &quot;https://qugem-staging.netlify.app/auth/sign-in&quot;, waiting until &quot;load&quot;&#xA;&#xA;   at ../.cucumber/pages/LoginPage.js:82&#xA;&#xA;  80 |&#xA;  81 |   async gotoLoginPage() {&#xA;> 82 |     await this.page.goto(process.env.url)&#xA;     |                     ^&#xA;  83 |   }&#xA;  84 |&#xA;  85 |   //for pozitif and and negatif test scnerio , it can be used"><![CDATA[Error: page.goto: net::ERR_NAME_NOT_RESOLVED at https://qugem-staging.netlify.app/auth/sign-in
Call log:
  - navigating to "https://qugem-staging.netlify.app/auth/sign-in", waiting until "load"

   at ../.cucumber/pages/LoginPage.js:82

  80 |
  81 |   async gotoLoginPage() {
> 82 |     await this.page.goto(process.env.url)
     |                     ^
  83 |   }
  84 |
  85 |   //for pozitif and and negatif test scnerio , it can be used]]></failure>
    <system-out><![CDATA[Given Navigate to Login Page..............................................failed
Then Enter a valid email.................................................skipped
Then Enter a valid password..............................................skipped
Then Click the login button after choosing english language..............skipped
And Verify that user is now on the Dasboard Page url after clicking lo...skipped
Then verify that dashboard page tab name contains QUGEM..................skipped
Then Click the sign out button and verify you are in sign in page agai...skipped]]></system-out>
  </testcase>
  <testcase classname="Testing Navigation Success with valid and invalid credentials" name="chromium › Testing Navigation Success with valid and invalid credentials › 2- User cannot login with invalid passwords and valid email" time="0.726">
    <failure type="Error" message="Error: page.goto: net::ERR_NAME_NOT_RESOLVED at https://qugem-staging.netlify.app/auth/sign-in&#xA;Call log:&#xA;  - navigating to &quot;https://qugem-staging.netlify.app/auth/sign-in&quot;, waiting until &quot;load&quot;&#xA;&#xA;   at ../.cucumber/pages/LoginPage.js:82&#xA;&#xA;  80 |&#xA;  81 |   async gotoLoginPage() {&#xA;> 82 |     await this.page.goto(process.env.url)&#xA;     |                     ^&#xA;  83 |   }&#xA;  84 |&#xA;  85 |   //for pozitif and and negatif test scnerio , it can be used"><![CDATA[Error: page.goto: net::ERR_NAME_NOT_RESOLVED at https://qugem-staging.netlify.app/auth/sign-in
Call log:
  - navigating to "https://qugem-staging.netlify.app/auth/sign-in", waiting until "load"

   at ../.cucumber/pages/LoginPage.js:82

  80 |
  81 |   async gotoLoginPage() {
> 82 |     await this.page.goto(process.env.url)
     |                     ^
  83 |   }
  84 |
  85 |   //for pozitif and and negatif test scnerio , it can be used]]></failure>
    <system-out><![CDATA[Given Navigate to Login Page..............................................failed
Then Enter a valid email.................................................skipped
Then Enter an invalid "123txt_"..........................................skipped
Then Click the login button with "english" language......................skipped
And Verify that user is not on the Dasboard Page because login is not ...skipped
And verify user gets right alert warning if invalid password and valid...skipped]]></system-out>
  </testcase>
  <testcase classname="Testing Navigation Success with valid and invalid credentials" name="chromium › Testing Navigation Success with valid and invalid credentials › 2- User cannot login with invalid passwords and valid email [1]" time="0.5589999999999999">
    <failure type="Error" message="Error: page.goto: net::ERR_NAME_NOT_RESOLVED at https://qugem-staging.netlify.app/auth/sign-in&#xA;Call log:&#xA;  - navigating to &quot;https://qugem-staging.netlify.app/auth/sign-in&quot;, waiting until &quot;load&quot;&#xA;&#xA;   at ../.cucumber/pages/LoginPage.js:82&#xA;&#xA;  80 |&#xA;  81 |   async gotoLoginPage() {&#xA;> 82 |     await this.page.goto(process.env.url)&#xA;     |                     ^&#xA;  83 |   }&#xA;  84 |&#xA;  85 |   //for pozitif and and negatif test scnerio , it can be used"><![CDATA[Error: page.goto: net::ERR_NAME_NOT_RESOLVED at https://qugem-staging.netlify.app/auth/sign-in
Call log:
  - navigating to "https://qugem-staging.netlify.app/auth/sign-in", waiting until "load"

   at ../.cucumber/pages/LoginPage.js:82

  80 |
  81 |   async gotoLoginPage() {
> 82 |     await this.page.goto(process.env.url)
     |                     ^
  83 |   }
  84 |
  85 |   //for pozitif and and negatif test scnerio , it can be used]]></failure>
    <system-out><![CDATA[Given Navigate to Login Page..............................................failed
Then Enter a valid email.................................................skipped
Then Enter an invalid "1234567"..........................................skipped
Then Click the login button with "english" language......................skipped
And Verify that user is not on the Dasboard Page because login is not ...skipped
And verify user gets right alert warning if invalid password and valid...skipped]]></system-out>
  </testcase>
  <testcase classname="Playwright site" name="chromium › Playwright site › User logins the web application" time="0.213">
    <failure type="Error" message="Error: page.goto: net::ERR_NAME_NOT_RESOLVED at https://qugem-staging.netlify.app/auth/sign-in&#xA;Call log:&#xA;  - navigating to &quot;https://qugem-staging.netlify.app/auth/sign-in&quot;, waiting until &quot;load&quot;&#xA;&#xA;   at ../.cucumber/pages/LoginPage.js:82&#xA;&#xA;  80 |&#xA;  81 |   async gotoLoginPage() {&#xA;> 82 |     await this.page.goto(process.env.url)&#xA;     |                     ^&#xA;  83 |   }&#xA;  84 |&#xA;  85 |   //for pozitif and and negatif test scnerio , it can be used"><![CDATA[Error: page.goto: net::ERR_NAME_NOT_RESOLVED at https://qugem-staging.netlify.app/auth/sign-in
Call log:
  - navigating to "https://qugem-staging.netlify.app/auth/sign-in", waiting until "load"

   at ../.cucumber/pages/LoginPage.js:82

  80 |
  81 |   async gotoLoginPage() {
> 82 |     await this.page.goto(process.env.url)
     |                     ^
  83 |   }
  84 |
  85 |   //for pozitif and and negatif test scnerio , it can be used]]></failure>
    <system-out><![CDATA[Given Navigate to Login Page..............................................failed]]></system-out>
  </testcase>
</testsuite>